commonwealactives/bin/outputs/mapping/release/seeds.txt
com.ike.sq.commonwealactives.MainActivity
com.ike.sq.commonwealactives.MainActivity: android.widget.TextView ltMainTitleLeft
com.ike.sq.commonwealactives.MainActivity: android.widget.TextView ltMainTitle
com.ike.sq.commonwealactives.MainActivity: android.widget.TextView ltMainTitleRight
com.ike.sq.commonwealactives.MainActivity: android.support.v7.widget.RecyclerView recyclerViewTestRv
com.ike.sq.commonwealactives.MainActivity: com.andview.refreshview.XRefreshView xrefreshview
com.ike.sq.commonwealactives.MainActivity: android.widget.ImageView ivTop
com.ike.sq.commonwealactives.MainActivity: MainActivity()
com.ike.sq.commonwealactives.MainActivity: void onViewClicked(android.view.View)
com.ike.sq.commonwealactives.MainActivity_ViewBinding
com.ike.sq.commonwealactives.MainActivity_ViewBinding: MainActivity_ViewBinding(com.ike.sq.commonwealactives.MainActivity,android.view.View)
com.ike.sq.commonwealactives.R$anim: int abc_fade_in
com.ike.sq.commonwealactives.R$anim: int abc_fade_out
com.ike.sq.commonwealactives.R$anim: int abc_grow_fade_in_from_bottom
com.ike.sq.commonwealactives.R$anim: int abc_popup_enter
com.ike.sq.commonwealactives.R$anim: int abc_popup_exit
com.ike.sq.commonwealactives.R$anim: int abc_shrink_fade_out_from_bottom
com.ike.sq.commonwealactives.R$anim: int abc_slide_in_bottom
com.ike.sq.commonwealactives.R$anim: int abc_slide_in_top
com.ike.sq.commonwealactives.R$anim: int abc_slide_out_bottom
com.ike.sq.commonwealactives.R$anim: int abc_slide_out_top
com.ike.sq.commonwealactives.R$anim: int design_bottom_sheet_slide_in
com.ike.sq.commonwealactives.R$anim: int design_bottom_sheet_slide_out
com.ike.sq.commonwealactives.R$anim: int design_fab_in
com.ike.sq.commonwealactives.R$anim: int design_fab_out
com.ike.sq.commonwealactives.R$anim: int design_snackbar_in
com.ike.sq.commonwealactives.R$anim: int design_snackbar_out
com.ike.sq.commonwealactives.R$anim: int gallery_ucrop_loader_circle_path
com.ike.sq.commonwealactives.R$anim: int gallery_ucrop_loader_circle_scale
com.ike.sq.commonwealactives.R$anim: int pop_enter_anim
com.ike.sq.commonwealactives.R$anim: int pop_exit_anim
com.ike.sq.commonwealactives.R$anim: int slide_in_bottom
com.ike.sq.commonwealactives.R$anim: int slide_out_bottom
com.ike.sq.commonwealactives.R$animator: int design_appbar_state_list_animator
com.ike.sq.commonwealactives.R$animator: int scale_with_alpha
com.ike.sq.commonwealactives.R$attr: int actionBarDivider
com.ike.sq.commonwealactives.R$attr: int actionBarItemBackground
com.ike.sq.commonwealactives.R$attr: int actionBarPopupTheme
com.ike.sq.commonwealactives.R$attr: int actionBarSize
com.ike.sq.commonwealactives.R$attr: int actionBarSplitStyle
com.ike.sq.commonwealactives.R$attr: int actionBarStyle
com.ike.sq.commonwealactives.R$attr: int actionBarTabBarStyle
com.ike.sq.commonwealactives.R$attr: int actionBarTabStyle
com.ike.sq.commonwealactives.R$attr: int actionBarTabTextStyle
com.ike.sq.commonwealactives.R$attr: int actionBarTheme
com.ike.sq.commonwealactives.R$attr: int actionBarWidgetTheme
com.ike.sq.commonwealactives.R$attr: int actionButtonStyle
com.ike.sq.commonwealactives.R$attr: int actionDropDownStyle
com.ike.sq.commonwealactives.R$attr: int actionLayout
com.ike.sq.commonwealactives.R$attr: int actionMenuTextAppearance
com.ike.sq.commonwealactives.R$attr: int actionMenuTextColor
com.ike.sq.commonwealactives.R$attr: int actionModeBackground
com.ike.sq.commonwealactives.R$attr: int actionModeCloseButtonStyle
com.ike.sq.commonwealactives.R$attr: int actionModeCloseDrawable
com.ike.sq.commonwealactives.R$attr: int actionModeCopyDrawable
com.ike.sq.commonwealactives.R$attr: int actionModeCutDrawable
com.ike.sq.commonwealactives.R$attr: int actionModeFindDrawable
com.ike.sq.commonwealactives.R$attr: int actionModePasteDrawable
com.ike.sq.commonwealactives.R$attr: int actionModePopupWindowStyle
...
com.google.common.cache.CacheLoader$FunctionToCacheLoader
com.google.common.cache.CacheLoader$FunctionToCacheLoader: com.google.common.base.Function computingFunction
com.google.common.cache.CacheLoader$FunctionToCacheLoader: long serialVersionUID
com.google.common.cache.CacheLoader$FunctionToCacheLoader: CacheLoader$FunctionToCacheLoader(com.google.common.base.Function)
com.google.common.cache.CacheLoader$FunctionToCacheLoader: java.lang.Object load(java.lang.Object)
com.google.common.cache.CacheLoader$InvalidCacheLoadException
com.google.common.cache.CacheLoader$InvalidCacheLoadException: CacheLoader$InvalidCacheLoadException(java.lang.String)
com.google.common.cache.CacheLoader$SupplierToCacheLoader
com.google.common.cache.CacheLoader$SupplierToCacheLoader: com.google.common.base.Supplier computingSupplier
com.google.common.cache.CacheLoader$SupplierToCacheLoader: long serialVersionUID
com.google.common.cache.CacheLoader$SupplierToCacheLoader: CacheLoader$SupplierToCacheLoader(com.google.common.base.Supplier)
com.google.common.cache.CacheLoader$SupplierToCacheLoader: java.lang.Object load(java.lang.Object)
com.google.common.cache.CacheLoader$UnsupportedLoadingOperationException
com.google.common.cache.CacheLoader$UnsupportedLoadingOperationException: CacheLoader$UnsupportedLoadingOperationException()
com.google.common.cache.ForwardingCache: ForwardingCache()
com.google.common.cache.ForwardingCache: com.google.common.cache.Cache delegate()
com.google.common.cache.ForwardingCache: java.lang.Object getIfPresent(java.lang.Object)
com.google.common.cache.ForwardingCache: java.lang.Object get(java.lang.Object,java.util.concurrent.Callable)
com.google.common.cache.ForwardingCache: com.google.common.collect.ImmutableMap getAllPresent(java.lang.Iterable)
com.google.common.cache.ForwardingCache: void put(java.lang.Object,java.lang.Object)
com.google.common.cache.ForwardingCache: void putAll(java.util.Map)
com.google.common.cache.ForwardingCache: void invalidate(java.lang.Object)
com.google.common.cache.ForwardingCache: void invalidateAll(java.lang.Iterable)
com.google.common.cache.ForwardingCache: void invalidateAll()
com.google.common.cache.ForwardingCache: long size()
com.google.common.cache.ForwardingCache: com.google.common.cache.CacheStats stats()
com.google.common.cache.ForwardingCache: java.util.concurrent.ConcurrentMap asMap()
com.google.common.cache.ForwardingCache: void cleanUp()
com.google.common.cache.ForwardingCache: java.lang.Object delegate()
com.google.common.cache.LocalCache$EntryFactory
com.google.common.cache.LocalCache$EntryFactory: com.google.common.cache.LocalCache$EntryFactory STRONG
com.google.common.cache.LocalCache$EntryFactory: com.google.common.cache.LocalCache$EntryFactory STRONG_ACCESS
com.google.common.cache.LocalCache$EntryFactory: com.google.common.cache.LocalCache$EntryFactory STRONG_WRITE
com.google.common.cache.LocalCache$EntryFactory: com.google.common.cache.LocalCache$EntryFactory STRONG_ACCESS_WRITE
com.google.common.cache.LocalCache$EntryFactory: com.google.common.cache.LocalCache$EntryFactory WEAK
com.google.common.cache.LocalCache$EntryFactory: com.google.common.cache.LocalCache$EntryFactory WEAK_ACCESS
com.google.common.cache.LocalCache$EntryFactory: com.google.common.cache.LocalCache$EntryFactory WEAK_WRITE
com.google.common.cache.LocalCache$EntryFactory: com.google.common.cache.LocalCache$EntryFactory WEAK_ACCESS_WRITE
com.google.common.cache.LocalCache$EntryFactory: int ACCESS_MASK
com.google.common.cache.LocalCache$EntryFactory: int WRITE_MASK
com.google.common.cache.LocalCache$EntryFactory: int WEAK_MASK
com.google.common.cache.LocalCache$EntryFactory: com.google.common.cache.LocalCache$EntryFactory[] factories
com.google.common.cache.LocalCache$EntryFactory: com.google.common.cache.LocalCache$EntryFactory[] values()
com.google.common.cache.LocalCache$EntryFactory: com.google.common.cache.LocalCache$EntryFactory valueOf(java.lang.String)