commonwealactives/bin/outputs/mapping/release/mapping.txt
com.ike.sq.commonwealactives.MainActivity -> com.ike.sq.commonwealactives.MainActivity:
    android.widget.TextView ltMainTitleLeft -> ltMainTitleLeft
    android.widget.TextView ltMainTitle -> ltMainTitle
    android.widget.TextView ltMainTitleRight -> ltMainTitleRight
    android.support.v7.widget.RecyclerView recyclerViewTestRv -> recyclerViewTestRv
    com.andview.refreshview.XRefreshView xrefreshview -> xrefreshview
    android.widget.ImageView ivTop -> ivTop
    android.view.View headerView -> h
    com.ike.sq.commonwealactives.adapter.SimpleAdapter adapter -> a
    java.util.List personList -> b
    android.support.v7.widget.GridLayoutManager layoutManager -> c
    int mLoadCount -> i
    int limit -> j
    int page -> k
    boolean isRefresh -> l
    com.youth.banner.Banner homepage_banner -> d
    android.widget.PopupWindow mPopupWindow -> m
    java.lang.String userId -> n
    android.widget.TextView tv_like_btn -> e
    android.widget.ImageView iv_like_btn -> f
    52:75:void <init>() -> <init>
    87:91:void onCreate(android.os.Bundle) -> onCreate
    98:181:void initView() -> c
    185:193:void initData() -> d
    196:200:void initImageData() -> e
    205:213:void initBanner(java.util.List) -> b
    218:218:com.ike.sq.commonwealactives.presenters.BenefitPresenter initPresenter() -> a
    233:240:void showError(java.lang.String) -> a
    245:251:void setBenefitListData(java.util.List) -> a
com.ike.sq.commonwealactives.MainActivity$1 -> com.ike.sq.commonwealactives.MainActivity$1:
    com.ike.sq.commonwealactives.MainActivity this$0 -> a
    132:132:void <init>(com.ike.sq.commonwealactives.MainActivity) -> <init>
    137:139:void onRefresh(boolean) -> a
    144:147:void onLoadMore(boolean) -> b
com.ike.sq.commonwealactives.MainActivity$2 -> com.ike.sq.commonwealactives.MainActivity$2:
    com.ike.sq.commonwealactives.MainActivity this$0 -> a
    149:149:void <init>(com.ike.sq.commonwealactives.MainActivity) -> <init>
    152:156:void onItemClick(android.view.View,com.ike.sq.commonwealactives.bean.BenefitBean) -> a
    160:170:void onLikeClick(android.view.View,com.ike.sq.commonwealactives.bean.BenefitBean) -> b
    174:179:void onCommentClick(android.view.View,com.ike.sq.commonwealactives.bean.BenefitBean) -> c
com.ike.sq.commonwealactives.MainActivity$3 -> com.ike.sq.commonwealactives.MainActivity$3:
    com.ike.sq.commonwealactives.MainActivity this$0 -> a
    304:304:void <init>(com.ike.sq.commonwealactives.MainActivity) -> <init>
    308:312:void onClick(android.view.View) -> onClick
com.ike.sq.commonwealactives.MainActivity$4 -> com.ike.sq.commonwealactives.MainActivity$4:
    com.ike.sq.commonwealactives.MainActivity this$0 -> a
    314:314:void <init>(com.ike.sq.commonwealactives.MainActivity) -> <init>
    318:322:void onClick(android.view.View) -> onClick
com.ike.sq.commonwealactives.MainActivity_ViewBinding -> com.ike.sq.commonwealactives.MainActivity_ViewBinding:
    com.ike.sq.commonwealactives.MainActivity target -> a
    android.view.View view2131624098 -> b
    android.view.View view2131624247 -> c
    android.view.View view2131624096 -> d
    32:66:void <init>(com.ike.sq.commonwealactives.MainActivity,android.view.View) -> <init>
    71:88:void unbind() -> unbind
com.ike.sq.commonwealactives.MainActivity_ViewBinding$1 -> com.ike.sq.commonwealactives.MainActivity_ViewBinding$1:
    com.ike.sq.commonwealactives.MainActivity val$target -> a
    com.ike.sq.commonwealactives.MainActivity_ViewBinding this$0 -> b
    39:39:void <init>(com.ike.sq.commonwealactives.MainActivity_ViewBinding,com.ike.sq.commonwealactives.MainActivity) -> <init>
    42:43:void doClick(android.view.View) -> doClick
...
android.support.v4.app.FragmentController -> android.support.v4.app.FragmentController:
    android.support.v4.app.FragmentHostCallback mHost -> mHost
    48:48:android.support.v4.app.FragmentController createController(android.support.v4.app.FragmentHostCallback) -> createController
    51:53:void <init>(android.support.v4.app.FragmentHostCallback) -> <init>
    59:59:android.support.v4.app.FragmentManager getSupportFragmentManager() -> getSupportFragmentManager
    66:66:android.support.v4.app.LoaderManager getSupportLoaderManager() -> getSupportLoaderManager
    74:74:android.support.v4.app.Fragment findFragmentByWho(java.lang.String) -> findFragmentByWho
    81:82:int getActiveFragmentsCount() -> getActiveFragmentsCount
    89:96:java.util.List getActiveFragments(java.util.List) -> getActiveFragments
    104:106:void attachHost(android.support.v4.app.Fragment) -> attachHost
    120:120:android.view.View onCreateView(android.view.View,java.lang.String,android.content.Context,android.util.AttributeSet) -> onCreateView
    127:128:void noteStateNotSaved() -> noteStateNotSaved
    134:134:android.os.Parcelable saveAllState() -> saveAllState
    147:149:void restoreAllState(android.os.Parcelable,java.util.List) -> restoreAllState
    158:159:void restoreAllState(android.os.Parcelable,android.support.v4.app.FragmentManagerNonConfig) -> restoreAllState
    170:171:java.util.List retainNonConfig() -> retainNonConfig
android.support.v4.app.FragmentHostCallback -> android.support.v4.app.FragmentHostCallback:
    android.app.Activity mActivity -> mActivity
    android.content.Context mContext -> mContext
    android.os.Handler mHandler -> mHandler
    int mWindowAnimations -> mWindowAnimations
    android.support.v4.app.FragmentManagerImpl mFragmentManager -> mFragmentManager
    android.support.v4.util.SimpleArrayMap mAllLoaderManagers -> mAllLoaderManagers
    boolean mRetainLoaders -> mRetainLoaders
    android.support.v4.app.LoaderManagerImpl mLoaderManager -> mLoaderManager
    boolean mCheckedForLoaderManager -> mCheckedForLoaderManager
    boolean mLoadersStarted -> mLoadersStarted
    58:60:void <init>(android.content.Context,android.os.Handler,int) -> <init>
    63:64:void <init>(android.support.v4.app.FragmentActivity) -> <init>
    46:72:void <init>(android.app.Activity,android.content.Context,android.os.Handler,int) -> <init>
    84:84:void onDump(java.lang.String,java.io.FileDescriptor,java.io.PrintWriter,java.lang.String[]) -> onDump
    90:90:boolean onShouldSaveFragmentState(android.support.v4.app.Fragment) -> onShouldSaveFragmentState
    98:98:android.view.LayoutInflater onGetLayoutInflater() -> onGetLayoutInflater
    java.lang.Object onGetHost() -> onGetHost
    114:114:void onSupportInvalidateOptionsMenu() -> onSupportInvalidateOptionsMenu