commonwealactives/bin/outputs/mapping/release/usage.txt
com.ike.sq.commonwealactives.BuildConfig
com.ike.sq.commonwealactives.MainActivity:
    224:224:public void showLoading()
    229:229:public void hideLoading()
com.ike.sq.commonwealactives.MainActivity_ViewBinding:
    28:29:public MainActivity_ViewBinding(com.ike.sq.commonwealactives.MainActivity)
com.ike.sq.commonwealactives.R:
    10:10:public R()
com.ike.sq.commonwealactives.R$anim
com.ike.sq.commonwealactives.R$animator
com.ike.sq.commonwealactives.R$attr
com.ike.sq.commonwealactives.R$bool
com.ike.sq.commonwealactives.R$color
com.ike.sq.commonwealactives.R$dimen
com.ike.sq.commonwealactives.R$drawable
com.ike.sq.commonwealactives.R$id
com.ike.sq.commonwealactives.R$integer
com.ike.sq.commonwealactives.R$layout
com.ike.sq.commonwealactives.R$menu
com.ike.sq.commonwealactives.R$mipmap
com.ike.sq.commonwealactives.R$raw
com.ike.sq.commonwealactives.R$string
com.ike.sq.commonwealactives.R$style
com.ike.sq.commonwealactives.R$styleable:
    5205:5205:public R$styleable()
com.ike.sq.commonwealactives.adapter.FeedForCommentListAdapter:
    111:112:public void insert(com.ike.sq.commonwealactives.bean.CommentsBean,int)
    115:116:public void remove(int)
    119:120:public void clear()
    152:155:public com.ike.sq.commonwealactives.bean.CommentsBean getItem(int)
com.ike.sq.commonwealactives.adapter.MessageListAdapter:
    70:72:public void setData(java.util.List)
    88:89:public void remove(int)
    92:93:public void clear()
    121:124:public com.ike.sq.commonwealactives.bean.MessageBean getItem(int)
com.ike.sq.commonwealactives.adapter.SimpleAdapter:
    135:136:public void insert(com.ike.sq.commonwealactives.bean.BenefitBean,int)
    139:140:public void remove(int)
    143:144:public void clear()
    215:218:public com.ike.sq.commonwealactives.bean.BenefitBean getItem(int)
com.ike.sq.commonwealactives.base.adpater.BaseAdapters
com.ike.sq.commonwealactives.base.adpater.BaseRecyclerViewAdapter:
    50:51:public void setOnItemClickListener(com.ike.sq.commonwealactives.base.adpater.BaseRecyclerViewAdapter$OnRecyclerViewItemClickListener)
com.ike.sq.commonwealactives.base.view.BaseView:
    public abstract void showLoading()
    public abstract void hideLoading()
com.ike.sq.commonwealactives.bean.Code:
    private java.lang.String msgs
    15:18:public Code(int,java.lang.Object)
    25:26:public void setCode(int)
    33:34:public void setData(java.lang.Object)
    37:37:public java.lang.String getMsgs()
    41:42:public void setMsgs(java.lang.String)
com.ike.sq.commonwealactives.bean.CustomDate
com.ike.sq.commonwealactives.interfaces.IFeedForCommentListView:
    public abstract boolean checkInputInfo()
com.ike.sq.commonwealactives.interfaces.IMessageListView:
    public abstract void setCommentMessageListData(java.util.ArrayList)
com.ike.sq.commonwealactives.listeners.OnMessageListListener
com.ike.sq.commonwealactives.model.MessageModel:
    24:53:public void getCommentMessageInfo(java.lang.String,com.ike.sq.commonwealactives.listeners.OnMessageListListener)
com.ike.sq.commonwealactives.model.MessageModel$1
com.ike.sq.commonwealactives.model.MessageModel$1$1
com.ike.sq.commonwealactives.network.CoreErrorConstants:
    9:9:public CoreErrorConstants()
...
com.google.common.collect.ForwardingTable
com.google.common.collect.GeneralRange
com.google.common.collect.GenericMapMaker
com.google.common.collect.GenericMapMaker$NullListener
com.google.common.collect.GwtTransient
com.google.common.collect.HashBasedTable
com.google.common.collect.HashBasedTable$Factory
com.google.common.collect.HashBiMap
com.google.common.collect.HashBiMap$1
com.google.common.collect.HashBiMap$BiEntry
com.google.common.collect.HashBiMap$EntrySet
com.google.common.collect.HashBiMap$EntrySet$1
com.google.common.collect.HashBiMap$EntrySet$1$MapEntry
com.google.common.collect.HashBiMap$Inverse
com.google.common.collect.HashBiMap$Inverse$1
com.google.common.collect.HashBiMap$Inverse$1$1
com.google.common.collect.HashBiMap$Inverse$1$1$InverseEntry
com.google.common.collect.HashBiMap$Inverse$InverseKeySet
com.google.common.collect.HashBiMap$Inverse$InverseKeySet$1
com.google.common.collect.HashBiMap$InverseSerializedForm
com.google.common.collect.HashBiMap$Itr
com.google.common.collect.HashBiMap$KeySet
com.google.common.collect.HashBiMap$KeySet$1
com.google.common.collect.HashMultimap
com.google.common.collect.HashMultiset
com.google.common.collect.Hashing
com.google.common.collect.ImmutableBiMap
com.google.common.collect.ImmutableBiMap$Builder
com.google.common.collect.ImmutableBiMap$SerializedForm
com.google.common.collect.ImmutableClassToInstanceMap
com.google.common.collect.ImmutableClassToInstanceMap$1
com.google.common.collect.ImmutableClassToInstanceMap$Builder
com.google.common.collect.ImmutableCollection$ArrayBasedBuilder:
    347:351:public varargs com.google.common.collect.ImmutableCollection$Builder add(java.lang.Object[])
    356:361:public com.google.common.collect.ImmutableCollection$Builder addAll(java.lang.Iterable)
com.google.common.collect.ImmutableCollection$Builder:
    static final int DEFAULT_INITIAL_CAPACITY
    262:265:public varargs com.google.common.collect.ImmutableCollection$Builder add(java.lang.Object[])
    281:284:public com.google.common.collect.ImmutableCollection$Builder addAll(java.lang.Iterable)
    public abstract com.google.common.collect.ImmutableCollection build()
com.google.common.collect.ImmutableEntry
com.google.common.collect.ImmutableEnumMap
com.google.common.collect.ImmutableEnumMap$1
com.google.common.collect.ImmutableEnumMap$2
com.google.common.collect.ImmutableEnumMap$2$1
com.google.common.collect.ImmutableEnumMap$EnumSerializedForm
com.google.common.collect.ImmutableEnumSet
com.google.common.collect.ImmutableEnumSet$1
com.google.common.collect.ImmutableEnumSet$EnumSerializedForm
com.google.common.collect.ImmutableList$Builder:
    665:666:public com.google.common.collect.ImmutableList$Builder addAll(java.lang.Iterable)
    678:679:public varargs com.google.common.collect.ImmutableList$Builder add(java.lang.Object[])
    630:630:public bridge synthetic com.google.common.collect.ImmutableCollection$Builder addAll(java.lang.Iterable)
    630:630:public bridge synthetic com.google.common.collect.ImmutableCollection$Builder add(java.lang.Object[])
    630:630:public bridge synthetic com.google.common.collect.ImmutableCollection build()
com.google.common.collect.ImmutableListMultimap
com.google.common.collect.ImmutableListMultimap$Builder
com.google.common.collect.ImmutableMap
com.google.common.collect.ImmutableMap$Builder
com.google.common.collect.ImmutableMap$MapViewOfValuesAsSingletonSets
com.google.common.collect.ImmutableMap$MapViewOfValuesAsSingletonSets$1
com.google.common.collect.ImmutableMap$MapViewOfValuesAsSingletonSets$1$1
com.google.common.collect.ImmutableMap$MapViewOfValuesAsSingletonSets$1$1$1
com.google.common.collect.ImmutableMap$SerializedForm
com.google.common.collect.ImmutableMapEntry
com.google.common.collect.ImmutableMapEntry$TerminalEntry
com.google.common.collect.ImmutableMapEntrySet
com.google.common.collect.ImmutableMapEntrySet$EntrySetSerializedForm
com.google.common.collect.ImmutableMapKeySet
com.google.common.collect.ImmutableMapKeySet$1